[24-Apr-2015 12:47:24 UTC] PHP Parse error:  syntax error, unexpected 'js' (T_STRING) in C:\Bitnami\wampstack-5.4.37-0\apache2\htdocs\bhushangavhale\storage\framework\views\264c986ab22d9a7cda2c643b0f0a5221 on line 11
[24-Apr-2015 12:48:00 UTC] PHP Parse error:  syntax error, unexpected '')); ?>"></script>' (T_CONSTANT_ENCAPSED_STRING) in C:\Bitnami\wampstack-5.4.37-0\apache2\htdocs\bhushangavhale\storage\framework\views\264c986ab22d9a7cda2c643b0f0a5221 on line 12
[26-Apr-2015 16:35:50 UTC] PHP Parse error:  syntax error, unexpected end of file, expecting function (T_FUNCTION) in C:\Bitnami\wampstack-5.4.37-0\apache2\htdocs\bhushangavhale\app\Http\Controllers\WelcomeController.php on line 42
[26-Apr-2015 16:35:59 UTC] PHP Parse error:  syntax error, unexpected end of file, expecting function (T_FUNCTION) in C:\Bitnami\wampstack-5.4.37-0\apache2\htdocs\bhushangavhale\app\Http\Controllers\WelcomeController.php on line 42
[26-Apr-2015 17:37:46 UTC] PHP Parse error:  syntax error, unexpected 'use' (T_USE), expecting identifier (T_STRING) or \\ (T_NS_SEPARATOR) in C:\Bitnami\wampstack-5.4.37-0\apache2\htdocs\bhushangavhale\app\Http\Controllers\WelcomeController.php on line 3
[26-Apr-2015 17:38:05 UTC] PHP Parse error:  syntax error, unexpected 'use' (T_USE), expecting identifier (T_STRING) or \\ (T_NS_SEPARATOR) in C:\Bitnami\wampstack-5.4.37-0\apache2\htdocs\bhushangavhale\app\Http\Controllers\WelcomeController.php on line 3
[26-Apr-2015 17:38:34 UTC] PHP Parse error:  syntax error, unexpected 'use' (T_USE), expecting identifier (T_STRING) or \\ (T_NS_SEPARATOR) in C:\Bitnami\wampstack-5.4.37-0\apache2\htdocs\bhushangavhale\app\Http\Controllers\WelcomeController.php on line 3
[26-Apr-2015 17:42:00 UTC] PHP Fatal error:  Class 'App\Http\Controllers\Input' not found in C:\Bitnami\wampstack-5.4.37-0\apache2\htdocs\bhushangavhale\app\Http\Controllers\WelcomeController.php on line 41
[26-Apr-2015 17:43:32 UTC] PHP Fatal error:  Class 'App\Http\Controllers\Input' not found in C:\Bitnami\wampstack-5.4.37-0\apache2\htdocs\bhushangavhale\app\Http\Controllers\WelcomeController.php on line 42
[26-Apr-2015 18:02:25 UTC] PHP Fatal error:  Call to undefined method Illuminate\Support\Facades\Request::input() in C:\Bitnami\wampstack-5.4.37-0\apache2\htdocs\bhushangavhale\app\Http\Controllers\WelcomeController.php on line 42
[26-Apr-2015 18:15:32 UTC] PHP Parse error:  syntax error, unexpected 'Mail' (T_STRING) in C:\Bitnami\wampstack-5.4.37-0\apache2\htdocs\bhushangavhale\app\Http\Controllers\WelcomeController.php on line 44
[26-Apr-2015 18:15:55 UTC] PHP Fatal error:  Class 'App\Http\Controllers\Mail' not found in C:\Bitnami\wampstack-5.4.37-0\apache2\htdocs\bhushangavhale\app\Http\Controllers\WelcomeController.php on line 44
[26-Apr-2015 18:16:54 UTC] PHP Fatal error:  Class 'App\Http\Controllers\Mail' not found in C:\Bitnami\wampstack-5.4.37-0\apache2\htdocs\bhushangavhale\app\Http\Controllers\WelcomeController.php on line 45
[26-Apr-2015 18:23:04 UTC] PHP Fatal error:  Class 'App\Http\Controllers\Mail' not found in C:\Bitnami\wampstack-5.4.37-0\apache2\htdocs\bhushangavhale\app\Http\Controllers\WelcomeController.php on line 44
[26-Apr-2015 18:23:21 UTC] PHP Fatal error:  Class 'App\Http\Controllers\Mail' not found in C:\Bitnami\wampstack-5.4.37-0\apache2\htdocs\bhushangavhale\app\Http\Controllers\WelcomeController.php on line 44
[26-Apr-2015 19:33:25 UTC] PHP Parse error:  syntax error, unexpected ';' in C:\Bitnami\wampstack-5.4.37-0\apache2\htdocs\bhushangavhale\app\Http\Controllers\WelcomeController.php on line 48
[26-Apr-2015 19:38:24 UTC] PHP Parse error:  syntax error, unexpected '}' in C:\Bitnami\wampstack-5.4.37-0\apache2\htdocs\bhushangavhale\app\Http\Controllers\WelcomeController.php on line 55
[26-Apr-2015 19:38:38 UTC] PHP Fatal error:  Class 'App\Http\Controllers\Redirect' not found in C:\Bitnami\wampstack-5.4.37-0\apache2\htdocs\bhushangavhale\app\Http\Controllers\WelcomeController.php on line 51
[26-Apr-2015 22:31:19 UTC] PHP Parse error:  syntax error, unexpected ';' in C:\Bitnami\wampstack-5.4.37-0\apache2\htdocs\bhushangavhale\storage\framework\views\92f0da3d69f328ee509c8214e9b8ca5b on line 9
[27-Apr-2015 03:13:45 UTC] PHP Parse error:  syntax error, unexpected '"https://www.youtube.com/watch' (T_CONSTANT_ENCAPSED_STRING) in C:\Bitnami\wampstack-5.4.37-0\apache2\htdocs\bhushangavhale\app\Http\Controllers\WelcomeController.php on line 40
